Change Component Footprint: Designator=R1 Old Footprint=DIEN TRO 0805 New Footprint=RES-SMD-1206
Change Component Footprint: Designator=R2 Old Footprint=DIEN TRO 0805 New Footprint=RES-SMD-1206
Change Component Footprint: Designator=R3 Old Footprint=DIEN TRO 0805 New Footprint=RES-SMD-1206
Change Component Footprint: Designator=R5 Old Footprint=DIEN TRO 0805 New Footprint=RES-SMD-1206
Change Component Footprint: Designator=R6 Old Footprint=DIEN TRO 0805 New Footprint=RES-SMD-1206
Change Component Footprint: Designator=R8 Old Footprint=DIEN TRO 0805 New Footprint=RES-SMD-1206
Change Component Footprint: Designator=R9 Old Footprint=DIEN TRO 0805 New Footprint=RES-SMD-1206
Add component (AddParameter): Name = "LatestRevisionDate"; Value = "17-Jul-2002"; VariantName = "[No Variations]"
Add component (AddParameter): Name = "LatestRevisionNote"; Value = "Re-released for DXP Platform."; VariantName = "[No Variations]"
Add component (AddParameter): Name = "PackageReference"; Value = "AXIAL-0.4"; VariantName = "[No Variations]"
Add component (AddParameter): Name = "Published"; Value = "8-Jun-2000"; VariantName = "[No Variations]"
Add component (AddParameter): Name = "Publisher"; Value = "Altium Limited"; VariantName = "[No Variations]"
Added Component: Designator=R4(RES-SMD-1206)
Add component. Clean all parameters for all variants
Add component (AddParameter): Name = "LatestRevisionDate"; Value = "17-Jul-2002"; VariantName = "[No Variations]"
Add component (AddParameter): Name = "LatestRevisionNote"; Value = "Re-released for DXP Platform."; VariantName = "[No Variations]"
Add component (AddParameter): Name = "PackageReference"; Value = "AXIAL-0.4"; VariantName = "[No Variations]"
Add component (AddParameter): Name = "Published"; Value = "8-Jun-2000"; VariantName = "[No Variations]"
Add component (AddParameter): Name = "Publisher"; Value = "Altium Limited"; VariantName = "[No Variations]"
Add component (AddParameter): Name = "LatestRevisionDate"; Value = "17-Jul-2002"; VariantName = "[No Variations]"
Add component (AddParameter): Name = "LatestRevisionNote"; Value = "Re-released for DXP Platform."; VariantName = "[No Variations]"
Add component (AddParameter): Name = "PackageReference"; Value = "AXIAL-0.4"; VariantName = "[No Variations]"
Add component (AddParameter): Name = "Published"; Value = "8-Jun-2000"; VariantName = "[No Variations]"
Add component (AddParameter): Name = "Publisher"; Value = "Altium Limited"; VariantName = "[No Variations]"
Added Component: Designator=R7(RES-SMD-1206)
Add component. Clean all parameters for all variants
Add component (AddParameter): Name = "LatestRevisionDate"; Value = "17-Jul-2002"; VariantName = "[No Variations]"
Add component (AddParameter): Name = "LatestRevisionNote"; Value = "Re-released for DXP Platform."; VariantName = "[No Variations]"
Add component (AddParameter): Name = "PackageReference"; Value = "AXIAL-0.4"; VariantName = "[No Variations]"
Add component (AddParameter): Name = "Published"; Value = "8-Jun-2000"; VariantName = "[No Variations]"
Add component (AddParameter): Name = "Publisher"; Value = "Altium Limited"; VariantName = "[No Variations]"
Add component (AddParameter): Name = "LatestRevisionDate"; Value = "17-Jul-2002"; VariantName = "[No Variations]"
Add component (AddParameter): Name = "LatestRevisionNote"; Value = "Re-released for DXP Platform."; VariantName = "[No Variations]"
Add component (AddParameter): Name = "PackageReference"; Value = "AXIAL-0.4"; VariantName = "[No Variations]"
Add component (AddParameter): Name = "Published"; Value = "8-Jun-2000"; VariantName = "[No Variations]"
Add component (AddParameter): Name = "Publisher"; Value = "Altium Limited"; VariantName = "[No Variations]"
Added Component: Designator=R10(RES-SMD-1206)
Add component. Clean all parameters for all variants
Add component (AddParameter): Name = "LatestRevisionDate"; Value = "17-Jul-2002"; VariantName = "[No Variations]"
Add component (AddParameter): Name = "LatestRevisionNote"; Value = "Re-released for DXP Platform."; VariantName = "[No Variations]"
Add component (AddParameter): Name = "PackageReference"; Value = "AXIAL-0.4"; VariantName = "[No Variations]"
Add component (AddParameter): Name = "Published"; Value = "8-Jun-2000"; VariantName = "[No Variations]"
Add component (AddParameter): Name = "Publisher"; Value = "Altium Limited"; VariantName = "[No Variations]"
Added Pin To Net: NetName=NetQ1_1 Pin=R4-1
Added Pin To Net: NetName=Speak Pin=R4-2
Added Pin To Net: NetName=NetQ2_1 Pin=R7-1
Added Pin To Net: NetName=Pump Pin=R7-2
Added Pin To Net: NetName=NetQ3_1 Pin=R10-1
Added Pin To Net: NetName=Fan Pin=R10-2
Added Member To Class: ClassName=CanhBaoChay Member=Component Flame_SS1 Header 3P 2.54 Duc Thang
Added Member To Class: ClassName=CanhBaoChay Member=Component R4 1k
Added Member To Class: ClassName=CanhBaoChay Member=Component R7 1K
Added Member To Class: ClassName=CanhBaoChay Member=Component R10 1k
Added Member To Class: ClassName=CanhBaoChay Member=Component Relay1 Header 3P 2.54 Duc Thang
