Change Component Designator: Old Designator=104 New Designator=1
Change Component Designator: Old Designator=C2 New Designator=C1
Change Component Designator: Old Designator=C3 New Designator=C2
Change Component Designator: Old Designator=C6 New Designator=C3
Change Component Designator: Old Designator=DS18B20 New Designator=DS1
Change Component Designator: Old Designator=Flame_SS New Designator=Flame_SS3
Change Component Designator: Old Designator=Flame_SS? New Designator=Flame_SS1
Change Component Designator: Old Designator=Flame_SS? New Designator=Flame_SS2
Change Component Designator: Old Designator=LED1 New Designator=LED2
Change Component Designator: Old Designator=LED2 New Designator=LED3
Change Component Designator: Old Designator=LED3 New Designator=LED4
Change Component Designator: Old Designator=LED? New Designator=LED1
Change Component Designator: Old Designator=LS? New Designator=LS1
Change Component Designator: Old Designator=MQ2 New Designator=MQ1
Change Component Designator: Old Designator=Q? New Designator=Q1
Change Component Designator: Old Designator=Quat New Designator=Quat1
Change Component Designator: Old Designator=R2 New Designator=R5
Change Component Designator: Old Designator=R3 New Designator=R6
Change Component Designator: Old Designator=R4 New Designator=R7
Change Component Designator: Old Designator=R5 New Designator=R9
Change Component Designator: Old Designator=R6 New Designator=R10
Change Component Designator: Old Designator=R7 New Designator=R8
Change Component Designator: Old Designator=R? New Designator=R1
Change Component Designator: Old Designator=R? New Designator=R2
Change Component Designator: Old Designator=R? New Designator=R3
Change Component Designator: Old Designator=R? New Designator=R4
Change Component Designator: Old Designator=Tu 104 New Designator=Tu 1
