[0310/221014:INFO:CONSOLE(0)] "Unrecognized Content-Security-Policy directive 'prefetch-src'.
", source: https://www.altium.com/ad-start/ (0)
[0310/221014:INFO:CONSOLE(0)] "The source list for Content Security Policy directive 'script-src' contains an invalid source: ''report-sample''. It will be ignored.", source: https://www.altium.com/ad-start/ (0)
[0310/221014:INFO:CONSOLE(0)] "Unrecognized Content-Security-Policy directive 'worker-src'.
", source: https://www.altium.com/ad-start/ (0)
[0318/234759:INFO:CONSOLE(0)] "Unrecognized Content-Security-Policy directive 'prefetch-src'.
", source: https://www.altium.com/ad-start/ (0)
[0318/234759:INFO:CONSOLE(0)] "The source list for Content Security Policy directive 'script-src' contains an invalid source: ''report-sample''. It will be ignored.", source: https://www.altium.com/ad-start/ (0)
[0318/234759:INFO:CONSOLE(0)] "Unrecognized Content-Security-Policy directive 'worker-src'.
", source: https://www.altium.com/ad-start/ (0)
[0319/214152:INFO:CONSOLE(0)] "Unrecognized Content-Security-Policy directive 'prefetch-src'.
", source: https://www.altium.com/ad-start/ (0)
[0319/214152:INFO:CONSOLE(0)] "The source list for Content Security Policy directive 'script-src' contains an invalid source: ''report-sample''. It will be ignored.", source: https://www.altium.com/ad-start/ (0)
[0319/214152:INFO:CONSOLE(0)] "Unrecognized Content-Security-Policy directive 'worker-src'.
", source: https://www.altium.com/ad-start/ (0)
[0319/220319:WARNING:dns_config_service_win.cc(665)] Failed to read DnsConfig.
[0319/220324:WARNING:dns_config_service_win.cc(665)] Failed to read DnsConfig.
[0319/220326:WARNING:dns_config_service_win.cc(665)] Failed to read DnsConfig.
[0319/220327:WARNING:dns_config_service_win.cc(665)] Failed to read DnsConfig.
[0319/220329:WARNING:dns_config_service_win.cc(665)] Failed to read DnsConfig.
[0319/220330:WARNING:dns_config_service_win.cc(665)] Failed to read DnsConfig.
[0319/220331:WARNING:dns_config_service_win.cc(665)] Failed to read DnsConfig.
[0319/220331:WARNING:dns_config_service_win.cc(665)] Failed to read DnsConfig.
[0319/220332:WARNING:dns_config_service_win.cc(665)] Failed to read DnsConfig.
[0319/220334:WARNING:dns_config_service_win.cc(665)] Failed to read DnsConfig.
[0319/220334:WARNING:dns_config_service_win.cc(665)] Failed to read DnsConfig.
[0319/220334:WARNING:dns_config_service_win.cc(665)] Failed to read DnsConfig.
[0319/220335:WARNING:dns_config_service_win.cc(665)] Failed to read DnsConfig.
[0319/220336:WARNING:dns_config_service_win.cc(665)] Failed to read DnsConfig.
[0319/220336:WARNING:dns_config_service_win.cc(665)] Failed to read DnsConfig.
[0319/220337:WARNING:dns_config_service_win.cc(665)] Failed to read DnsConfig.
[0319/220337:WARNING:dns_config_service_win.cc(665)] Failed to read DnsConfig.
[0319/220339:WARNING:dns_config_service_win.cc(665)] Failed to read DnsConfig.
[0319/220339:WARNING:dns_config_service_win.cc(665)] Failed to read DnsConfig.
[0319/220339:WARNING:dns_config_service_win.cc(665)] Failed to read DnsConfig.
[0319/220340:WARNING:dns_config_service_win.cc(665)] Failed to read DnsConfig.
[0319/220341:WARNING:dns_config_service_win.cc(665)] Failed to read DnsConfig.
[0319/220341:WARNING:dns_config_service_win.cc(665)] Failed to read DnsConfig.
[0319/220342:WARNING:dns_config_service_win.cc(665)] Failed to read DnsConfig.
[0319/220342:WARNING:dns_config_service_win.cc(665)] Failed to read DnsConfig.
[0319/220344:WARNING:dns_config_service_win.cc(665)] Failed to read DnsConfig.
[0319/220344:WARNING:dns_config_service_win.cc(665)] Failed to read DnsConfig.
[0319/220344:WARNING:dns_config_service_win.cc(665)] Failed to read DnsConfig.
[0319/220345:WARNING:dns_config_service_win.cc(665)] Failed to read DnsConfig.
[0319/220346:WARNING:dns_config_service_win.cc(665)] Failed to read DnsConfig.
[0319/220346:WARNING:dns_config_service_win.cc(665)] Failed to read DnsConfig.
[0319/220347:WARNING:dns_config_service_win.cc(665)] Failed to read DnsConfig.
[0319/220347:WARNING:dns_config_service_win.cc(665)] Failed to read DnsConfig.
[0319/220349:WARNING:dns_config_service_win.cc(665)] Failed to read DnsConfig.
[0319/220349:WARNING:dns_config_service_win.cc(665)] Failed to read DnsConfig.
[0319/220350:WARNING:dns_config_service_win.cc(665)] Failed to read DnsConfig.
[0319/220350:WARNING:dns_config_service_win.cc(665)] Failed to read DnsConfig.
[0319/220351:WARNING:dns_config_service_win.cc(665)] Failed to read DnsConfig.
[0319/220351:WARNING:dns_config_service_win.cc(665)] Failed to read DnsConfig.
[0319/220352:WARNING:dns_config_service_win.cc(665)] Failed to read DnsConfig.
[0319/220352:WARNING:dns_config_service_win.cc(665)] Failed to read DnsConfig.
[0319/220354:WARNING:dns_config_service_win.cc(665)] Failed to read DnsConfig.
[0319/220354:WARNING:dns_config_service_win.cc(665)] Failed to read DnsConfig.
[0319/220355:WARNING:dns_config_service_win.cc(665)] Failed to read DnsConfig.
[0319/220355:WARNING:dns_config_service_win.cc(665)] Failed to read DnsConfig.
[0319/220356:WARNING:dns_config_service_win.cc(665)] Failed to read DnsConfig.
[0319/220356:WARNING:dns_config_service_win.cc(665)] Failed to read DnsConfig.
[0319/220357:WARNING:dns_config_service_win.cc(665)] Failed to read DnsConfig.
[0319/220357:WARNING:dns_config_service_win.cc(665)] Failed to read DnsConfig.
[0319/220359:WARNING:dns_config_service_win.cc(665)] Failed to read DnsConfig.
[0319/220359:WARNING:dns_config_service_win.cc(665)] Failed to read DnsConfig.
[0319/220400:WARNING:dns_config_service_win.cc(665)] Failed to read DnsConfig.
[0319/220400:WARNING:dns_config_service_win.cc(665)] Failed to read DnsConfig.
[0319/220401:WARNING:dns_config_service_win.cc(665)] Failed to read DnsConfig.
[0319/220401:WARNING:dns_config_service_win.cc(665)] Failed to read DnsConfig.
[0319/220402:WARNING:dns_config_service_win.cc(665)] Failed to read DnsConfig.
[0319/220402:WARNING:dns_config_service_win.cc(665)] Failed to read DnsConfig.
[0319/220404:WARNING:dns_config_service_win.cc(665)] Failed to read DnsConfig.
[0319/220404:WARNING:dns_config_service_win.cc(665)] Failed to read DnsConfig.
[0319/220405:WARNING:dns_config_service_win.cc(665)] Failed to read DnsConfig.
[0319/220405:WARNING:dns_config_service_win.cc(665)] Failed to read DnsConfig.
[0319/220406:WARNING:dns_config_service_win.cc(665)] Failed to read DnsConfig.
[0319/220406:WARNING:dns_config_service_win.cc(665)] Failed to read DnsConfig.
[0319/220407:WARNING:dns_config_service_win.cc(665)] Failed to read DnsConfig.
[0319/220407:WARNING:dns_config_service_win.cc(665)] Failed to read DnsConfig.
[0319/220409:WARNING:dns_config_service_win.cc(665)] Failed to read DnsConfig.
[0319/220409:WARNING:dns_config_service_win.cc(665)] Failed to read DnsConfig.
[0319/220410:WARNING:dns_config_service_win.cc(665)] Failed to read DnsConfig.
[0319/220410:WARNING:dns_config_service_win.cc(665)] Failed to read DnsConfig.
[0319/220411:WARNING:dns_config_service_win.cc(665)] Failed to read DnsConfig.
[0319/220411:WARNING:dns_config_service_win.cc(665)] Failed to read DnsConfig.
[0319/220412:WARNING:dns_config_service_win.cc(665)] Failed to read DnsConfig.
[0319/220412:WARNING:dns_config_service_win.cc(665)] Failed to read DnsConfig.
[0319/220414:WARNING:dns_config_service_win.cc(665)] Failed to read DnsConfig.
[0319/220414:WARNING:dns_config_service_win.cc(665)] Failed to read DnsConfig.
[0319/220415:WARNING:dns_config_service_win.cc(665)] Failed to read DnsConfig.
[0319/220415:WARNING:dns_config_service_win.cc(665)] Failed to read DnsConfig.
[0319/220416:WARNING:dns_config_service_win.cc(665)] Failed to read DnsConfig.
[0319/220416:WARNING:dns_config_service_win.cc(665)] Failed to read DnsConfig.
[0319/220417:WARNING:dns_config_service_win.cc(665)] Failed to read DnsConfig.
[0319/220417:WARNING:dns_config_service_win.cc(665)] Failed to read DnsConfig.
[0319/220419:WARNING:dns_config_service_win.cc(665)] Failed to read DnsConfig.
[0319/220419:WARNING:dns_config_service_win.cc(665)] Failed to read DnsConfig.
[0319/220420:WARNING:dns_config_service_win.cc(665)] Failed to read DnsConfig.
[0319/220420:WARNING:dns_config_service_win.cc(665)] Failed to read DnsConfig.
[0319/220421:WARNING:dns_config_service_win.cc(665)] Failed to read DnsConfig.
[0319/220421:WARNING:dns_config_service_win.cc(665)] Failed to read DnsConfig.
[0319/220422:WARNING:dns_config_service_win.cc(665)] Failed to read DnsConfig.
[0319/220422:WARNING:dns_config_service_win.cc(665)] Failed to read DnsConfig.
[0319/220424:WARNING:dns_config_service_win.cc(665)] Failed to read DnsConfig.
[0319/220424:WARNING:dns_config_service_win.cc(665)] Failed to read DnsConfig.
[0319/220425:WARNING:dns_config_service_win.cc(665)] Failed to read DnsConfig.
[0319/220425:WARNING:dns_config_service_win.cc(665)] Failed to read DnsConfig.
[0319/220426:WARNING:dns_config_service_win.cc(665)] Failed to read DnsConfig.
[0319/220426:WARNING:dns_config_service_win.cc(665)] Failed to read DnsConfig.
[0319/220427:WARNING:dns_config_service_win.cc(665)] Failed to read DnsConfig.
[0319/220427:WARNING:dns_config_service_win.cc(665)] Failed to read DnsConfig.
[0319/220429:WARNING:dns_config_service_win.cc(665)] Failed to read DnsConfig.
[0319/220429:WARNING:dns_config_service_win.cc(665)] Failed to read DnsConfig.
[0319/220430:WARNING:dns_config_service_win.cc(665)] Failed to read DnsConfig.
[0319/220430:WARNING:dns_config_service_win.cc(665)] Failed to read DnsConfig.
[0319/220431:WARNING:dns_config_service_win.cc(665)] Failed to read DnsConfig.
[0319/220431:WARNING:dns_config_service_win.cc(665)] Failed to read DnsConfig.
[0319/220432:WARNING:dns_config_service_win.cc(665)] Failed to read DnsConfig.
[0319/220432:WARNING:dns_config_service_win.cc(665)] Failed to read DnsConfig.
[0319/220434:WARNING:dns_config_service_win.cc(665)] Failed to read DnsConfig.
[0319/220434:WARNING:dns_config_service_win.cc(665)] Failed to read DnsConfig.
[0319/220435:WARNING:dns_config_service_win.cc(665)] Failed to read DnsConfig.
[0319/220435:WARNING:dns_config_service_win.cc(665)] Failed to read DnsConfig.
[0319/220436:WARNING:dns_config_service_win.cc(665)] Failed to read DnsConfig.
[0319/220436:WARNING:dns_config_service_win.cc(665)] Failed to read DnsConfig.
[0319/220437:WARNING:dns_config_service_win.cc(665)] Failed to read DnsConfig.
[0319/220437:WARNING:dns_config_service_win.cc(665)] Failed to read DnsConfig.
[0319/220439:WARNING:dns_config_service_win.cc(665)] Failed to read DnsConfig.
[0319/220439:WARNING:dns_config_service_win.cc(665)] Failed to read DnsConfig.
[0319/220440:WARNING:dns_config_service_win.cc(665)] Failed to read DnsConfig.
[0319/220440:WARNING:dns_config_service_win.cc(665)] Failed to read DnsConfig.
[0319/220441:WARNING:dns_config_service_win.cc(665)] Failed to read DnsConfig.
[0319/220441:WARNING:dns_config_service_win.cc(665)] Failed to read DnsConfig.
[0319/220442:WARNING:dns_config_service_win.cc(665)] Failed to read DnsConfig.
[0319/220442:WARNING:dns_config_service_win.cc(665)] Failed to read DnsConfig.
[0319/220444:WARNING:dns_config_service_win.cc(665)] Failed to read DnsConfig.
[0319/220444:WARNING:dns_config_service_win.cc(665)] Failed to read DnsConfig.
[0319/220445:WARNING:dns_config_service_win.cc(665)] Failed to read DnsConfig.
[0319/220445:WARNING:dns_config_service_win.cc(665)] Failed to read DnsConfig.
[0319/220446:WARNING:dns_config_service_win.cc(665)] Failed to read DnsConfig.
[0319/220446:WARNING:dns_config_service_win.cc(665)] Failed to read DnsConfig.
[0319/220447:WARNING:dns_config_service_win.cc(665)] Failed to read DnsConfig.
[0319/220447:WARNING:dns_config_service_win.cc(665)] Failed to read DnsConfig.
[0319/220449:WARNING:dns_config_service_win.cc(665)] Failed to read DnsConfig.
[0319/220449:WARNING:dns_config_service_win.cc(665)] Failed to read DnsConfig.
[0319/220450:WARNING:dns_config_service_win.cc(665)] Failed to read DnsConfig.
[0319/220450:WARNING:dns_config_service_win.cc(665)] Failed to read DnsConfig.
[0319/220451:WARNING:dns_config_service_win.cc(665)] Failed to read DnsConfig.
[0319/220452:WARNING:dns_config_service_win.cc(665)] Failed to read DnsConfig.
[0319/220452:WARNING:dns_config_service_win.cc(665)] Failed to read DnsConfig.
[0319/220452:WARNING:dns_config_service_win.cc(665)] Failed to read DnsConfig.
[0319/220454:WARNING:dns_config_service_win.cc(665)] Failed to read DnsConfig.
[0319/220454:WARNING:dns_config_service_win.cc(665)] Failed to read DnsConfig.
[0319/220455:WARNING:dns_config_service_win.cc(665)] Failed to read DnsConfig.
[0319/220455:WARNING:dns_config_service_win.cc(665)] Failed to read DnsConfig.
[0319/220456:WARNING:dns_config_service_win.cc(665)] Failed to read DnsConfig.
[0319/220457:WARNING:dns_config_service_win.cc(665)] Failed to read DnsConfig.
[0319/220457:WARNING:dns_config_service_win.cc(665)] Failed to read DnsConfig.
[0319/220457:WARNING:dns_config_service_win.cc(665)] Failed to read DnsConfig.
[0319/220459:WARNING:dns_config_service_win.cc(665)] Failed to read DnsConfig.
[0319/220459:WARNING:dns_config_service_win.cc(665)] Failed to read DnsConfig.
[0319/220500:WARNING:dns_config_service_win.cc(665)] Failed to read DnsConfig.
[0319/220500:WARNING:dns_config_service_win.cc(665)] Failed to read DnsConfig.
[0319/220501:WARNING:dns_config_service_win.cc(665)] Failed to read DnsConfig.
[0319/220502:WARNING:dns_config_service_win.cc(665)] Failed to read DnsConfig.
[0319/220502:WARNING:dns_config_service_win.cc(665)] Failed to read DnsConfig.
[0319/220502:WARNING:dns_config_service_win.cc(665)] Failed to read DnsConfig.
[0319/220504:WARNING:dns_config_service_win.cc(665)] Failed to read DnsConfig.
[0319/220504:WARNING:dns_config_service_win.cc(665)] Failed to read DnsConfig.
[0319/220505:WARNING:dns_config_service_win.cc(665)] Failed to read DnsConfig.
[0319/220505:WARNING:dns_config_service_win.cc(665)] Failed to read DnsConfig.
[0319/220506:WARNING:dns_config_service_win.cc(665)] Failed to read DnsConfig.
[0319/220507:WARNING:dns_config_service_win.cc(665)] Failed to read DnsConfig.
[0319/220507:WARNING:dns_config_service_win.cc(665)] Failed to read DnsConfig.
[0319/220507:WARNING:dns_config_service_win.cc(665)] Failed to read DnsConfig.
[0319/220509:WARNING:dns_config_service_win.cc(665)] Failed to read DnsConfig.
[0319/220509:WARNING:dns_config_service_win.cc(665)] Failed to read DnsConfig.
[0319/220510:WARNING:dns_config_service_win.cc(665)] Failed to read DnsConfig.
[0319/220510:WARNING:dns_config_service_win.cc(665)] Failed to read DnsConfig.
[0319/220511:WARNING:dns_config_service_win.cc(665)] Failed to read DnsConfig.
[0319/220512:WARNING:dns_config_service_win.cc(665)] Failed to read DnsConfig.
[0319/220512:WARNING:dns_config_service_win.cc(665)] Failed to read DnsConfig.
[0319/220512:WARNING:dns_config_service_win.cc(665)] Failed to read DnsConfig.
[0319/220514:WARNING:dns_config_service_win.cc(665)] Failed to read DnsConfig.
[0319/220514:WARNING:dns_config_service_win.cc(665)] Failed to read DnsConfig.
[0319/220515:WARNING:dns_config_service_win.cc(665)] Failed to read DnsConfig.
[0319/220515:WARNING:dns_config_service_win.cc(665)] Failed to read DnsConfig.
[0319/220516:WARNING:dns_config_service_win.cc(665)] Failed to read DnsConfig.
[0319/220517:WARNING:dns_config_service_win.cc(665)] Failed to read DnsConfig.
[0319/220517:WARNING:dns_config_service_win.cc(665)] Failed to read DnsConfig.
[0319/220517:WARNING:dns_config_service_win.cc(665)] Failed to read DnsConfig.
[0319/220519:WARNING:dns_config_service_win.cc(665)] Failed to read DnsConfig.
[0319/220519:WARNING:dns_config_service_win.cc(665)] Failed to read DnsConfig.
[0319/220520:WARNING:dns_config_service_win.cc(665)] Failed to read DnsConfig.
[0319/220520:WARNING:dns_config_service_win.cc(665)] Failed to read DnsConfig.
[0319/220521:WARNING:dns_config_service_win.cc(665)] Failed to read DnsConfig.
[0319/220522:WARNING:dns_config_service_win.cc(665)] Failed to read DnsConfig.
[0319/220522:WARNING:dns_config_service_win.cc(665)] Failed to read DnsConfig.
[0319/220522:WARNING:dns_config_service_win.cc(665)] Failed to read DnsConfig.
[0319/220524:WARNING:dns_config_service_win.cc(665)] Failed to read DnsConfig.
[0319/220524:WARNING:dns_config_service_win.cc(665)] Failed to read DnsConfig.
[0319/220525:WARNING:dns_config_service_win.cc(665)] Failed to read DnsConfig.
[0319/220525:WARNING:dns_config_service_win.cc(665)] Failed to read DnsConfig.
[0319/220526:WARNING:dns_config_service_win.cc(665)] Failed to read DnsConfig.
[0319/220527:WARNING:dns_config_service_win.cc(665)] Failed to read DnsConfig.
[0319/220527:WARNING:dns_config_service_win.cc(665)] Failed to read DnsConfig.
[0319/220527:WARNING:dns_config_service_win.cc(665)] Failed to read DnsConfig.
[0319/220529:WARNING:dns_config_service_win.cc(665)] Failed to read DnsConfig.
[0319/220529:WARNING:dns_config_service_win.cc(665)] Failed to read DnsConfig.
[0319/220530:WARNING:dns_config_service_win.cc(665)] Failed to read DnsConfig.
[0319/220530:WARNING:dns_config_service_win.cc(665)] Failed to read DnsConfig.
[0319/220531:WARNING:dns_config_service_win.cc(665)] Failed to read DnsConfig.
[0319/220532:WARNING:dns_config_service_win.cc(665)] Failed to read DnsConfig.
[0319/220532:WARNING:dns_config_service_win.cc(665)] Failed to read DnsConfig.
[0319/220532:WARNING:dns_config_service_win.cc(665)] Failed to read DnsConfig.
[0319/220534:WARNING:dns_config_service_win.cc(665)] Failed to read DnsConfig.
[0319/220534:WARNING:dns_config_service_win.cc(665)] Failed to read DnsConfig.
[0319/220535:WARNING:dns_config_service_win.cc(665)] Failed to read DnsConfig.
[0319/220535:WARNING:dns_config_service_win.cc(665)] Failed to read DnsConfig.
[0319/220536:WARNING:dns_config_service_win.cc(665)] Failed to read DnsConfig.
[0319/220537:WARNING:dns_config_service_win.cc(665)] Failed to read DnsConfig.
[0319/220537:WARNING:dns_config_service_win.cc(665)] Failed to read DnsConfig.
[0319/220537:WARNING:dns_config_service_win.cc(665)] Failed to read DnsConfig.
[0319/220539:WARNING:dns_config_service_win.cc(665)] Failed to read DnsConfig.
[0319/220539:WARNING:dns_config_service_win.cc(665)] Failed to read DnsConfig.
[0319/220540:WARNING:dns_config_service_win.cc(665)] Failed to read DnsConfig.
[0319/220540:WARNING:dns_config_service_win.cc(665)] Failed to read DnsConfig.
[0319/220541:WARNING:dns_config_service_win.cc(665)] Failed to read DnsConfig.
[0319/220542:WARNING:dns_config_service_win.cc(665)] Failed to read DnsConfig.
[0319/220542:WARNING:dns_config_service_win.cc(665)] Failed to read DnsConfig.
[0319/220542:WARNING:dns_config_service_win.cc(665)] Failed to read DnsConfig.
[0319/220544:WARNING:dns_config_service_win.cc(665)] Failed to read DnsConfig.
[0319/220544:WARNING:dns_config_service_win.cc(665)] Failed to read DnsConfig.
[0323/214449:INFO:CONSOLE(0)] "Unrecognized Content-Security-Policy directive 'prefetch-src'.
", source: https://www.altium.com/ad-start/ (0)
[0323/214449:INFO:CONSOLE(0)] "The source list for Content Security Policy directive 'script-src' contains an invalid source: ''report-sample''. It will be ignored.", source: https://www.altium.com/ad-start/ (0)
[0323/214449:INFO:CONSOLE(0)] "Unrecognized Content-Security-Policy directive 'worker-src'.
", source: https://www.altium.com/ad-start/ (0)
[0323/232406:INFO:CONSOLE(0)] "Unrecognized Content-Security-Policy directive 'prefetch-src'.
", source: https://www.altium.com/ad-start/ (0)
[0323/232406:INFO:CONSOLE(0)] "The source list for Content Security Policy directive 'script-src' contains an invalid source: ''report-sample''. It will be ignored.", source: https://www.altium.com/ad-start/ (0)
[0323/232406:INFO:CONSOLE(0)] "Unrecognized Content-Security-Policy directive 'worker-src'.
", source: https://www.altium.com/ad-start/ (0)
[0324/191357:INFO:CONSOLE(0)] "Unrecognized Content-Security-Policy directive 'prefetch-src'.
", source: https://www.altium.com/ad-start/ (0)
[0324/191357:INFO:CONSOLE(0)] "The source list for Content Security Policy directive 'script-src' contains an invalid source: ''report-sample''. It will be ignored.", source: https://www.altium.com/ad-start/ (0)
[0324/191357:INFO:CONSOLE(0)] "Unrecognized Content-Security-Policy directive 'worker-src'.
", source: https://www.altium.com/ad-start/ (0)
[0429/175433:INFO:CONSOLE(0)] "Unrecognized Content-Security-Policy directive 'prefetch-src'.
", source: https://www.altium.com/ad-start/ (0)
[0429/175433:INFO:CONSOLE(0)] "The source list for Content Security Policy directive 'script-src' contains an invalid source: ''report-sample''. It will be ignored.", source: https://www.altium.com/ad-start/ (0)
[0429/175433:INFO:CONSOLE(0)] "Unrecognized Content-Security-Policy directive 'worker-src'.
", source: https://www.altium.com/ad-start/ (0)
[0814/230517:INFO:CONSOLE(0)] "The source list for Content Security Policy directive 'script-src' contains an invalid source: ''report-sample''. It will be ignored.", source: https://www.altium.com/ad-start/ (0)
[0814/230517:INFO:CONSOLE(0)] "Unrecognized Content-Security-Policy directive 'worker-src'.
", source: https://www.altium.com/ad-start/ (0)
